{
  "report_id": "BUG_20251123_140537",
  "timestamp": "2025-11-23T14:05:37.373194",
  "test_name": "test_demo_failure_for_bug_report",
  "status": "FAILED",
  "failure_message": "tests\\test_bug_report_demo.py:31: in test_demo_failure_for_bug_report\n    assert len(products) > 0, \"This test intentionally fails to demonstrate bug report generation\"\nE   AssertionError: This test intentionally fails to demonstrate bug report generation\nE   assert 0 > 0\nE    +  where 0 = len([])",
  "screenshot": "screenshots\\failure_20251123_140537.png",
  "test_steps": [
    "1. Navigate to shop page",
    "2. Search for \"NonExistentProduct12345\"",
    "3. Verify products are displayed"
  ],
  "expected_result": "Products should be displayed",
  "actual_result": "Test failed - see failure message",
  "environment": {
    "platform": "Unknown",
    "browser": "chrome",
    "browser_version": "142.0.7444.176",
    "base_url": "https://muntasir101.github.io/stylezone",
    "current_url": "https://muntasir101.github.io/stylezone/shop.html"
  },
  "additional_info": {
    "traceback": "NoneType: None\n",
    "test_file": "E:\\PnT_FT_35\\Projects\\StyleZoneAutomationTest\\tests\\test_bug_report_demo.py"
  }
}